

Version:	3.14
CmdLine:	C:\Users\Raza\code\Java\3dGraphics\dist\wireframe.exe --l4j-debug
WOW64:		yes
Java min ver:	1.010.000
Java max ver:	1.013.000
64-bit search:	SOFTWARE\JavaSoft\Java Runtime Environment...
32-bit search:	SOFTWARE\JavaSoft\Java Runtime Environment...
Check:		SOFTWARE\JavaSoft\Java Runtime Environment\1.8
Ignore:		1.008.000
Check:		SOFTWARE\JavaSoft\Java Runtime Environment\1.8.0_281
Ignore:		1.008.000_281
64-bit search:	SOFTWARE\JavaSoft\Java Development Kit...
32-bit search:	SOFTWARE\JavaSoft\Java Development Kit...
64-bit search:	SOFTWARE\JavaSoft\JRE...
32-bit search:	SOFTWARE\JavaSoft\JRE...
64-bit search:	SOFTWARE\JavaSoft\JDK...
32-bit search:	SOFTWARE\JavaSoft\JDK...
64-bit search:	SOFTWARE\IBM\Java Runtime Environment...
32-bit search:	SOFTWARE\IBM\Java Runtime Environment...
64-bit search:	SOFTWARE\IBM\Java Development Kit...
32-bit search:	SOFTWARE\IBM\Java Development Kit...
64-bit search:	SOFTWARE\IBM\Java2 Runtime Environment...
32-bit search:	SOFTWARE\IBM\Java2 Runtime Environment...
64-bit search:	SOFTWARE\IBM\Java Development Kit...
32-bit search:	SOFTWARE\IBM\Java Development Kit...
Error msg:	This application requires a Java Runtime Environment 10 - 13
Open URL:	http://java.com/download


Version:	3.14
CmdLine:	C:\Users\Raza\code\Java\3dGraphics\dist\wireframe.exe --l4j-debug
WOW64:		yes
Java min ver:	1.010.000
Java max ver:	1.013.000
64-bit search:	SOFTWARE\JavaSoft\Java Runtime Environment...
32-bit search:	SOFTWARE\JavaSoft\Java Runtime Environment...
Check:		SOFTWARE\JavaSoft\Java Runtime Environment\1.8
Ignore:		1.008.000
Check:		SOFTWARE\JavaSoft\Java Runtime Environment\1.8.0_281
Ignore:		1.008.000_281
64-bit search:	SOFTWARE\JavaSoft\Java Development Kit...
32-bit search:	SOFTWARE\JavaSoft\Java Development Kit...
64-bit search:	SOFTWARE\JavaSoft\JRE...
32-bit search:	SOFTWARE\JavaSoft\JRE...
64-bit search:	SOFTWARE\JavaSoft\JDK...
32-bit search:	SOFTWARE\JavaSoft\JDK...
64-bit search:	SOFTWARE\IBM\Java Runtime Environment...
32-bit search:	SOFTWARE\IBM\Java Runtime Environment...
64-bit search:	SOFTWARE\IBM\Java Development Kit...
32-bit search:	SOFTWARE\IBM\Java Development Kit...
64-bit search:	SOFTWARE\IBM\Java2 Runtime Environment...
32-bit search:	SOFTWARE\IBM\Java2 Runtime Environment...
64-bit search:	SOFTWARE\IBM\Java Development Kit...
32-bit search:	SOFTWARE\IBM\Java Development Kit...
Error msg:	This application requires a Java Runtime Environment 10 - 13
Open URL:	http://java.com/download


Version:	3.14
CmdLine:	C:\Users\Raza\code\Java\3dGraphics\dist\wireframe.exe --l4j-debug
WOW64:		yes
Java min ver:	1.010.000
Java max ver:	1.013.000
64-bit search:	SOFTWARE\JavaSoft\Java Runtime Environment...
32-bit search:	SOFTWARE\JavaSoft\Java Runtime Environment...
Check:		SOFTWARE\JavaSoft\Java Runtime Environment\1.8
Ignore:		1.008.000
Check:		SOFTWARE\JavaSoft\Java Runtime Environment\1.8.0_281
Ignore:		1.008.000_281
64-bit search:	SOFTWARE\JavaSoft\Java Development Kit...
32-bit search:	SOFTWARE\JavaSoft\Java Development Kit...
64-bit search:	SOFTWARE\JavaSoft\JRE...
32-bit search:	SOFTWARE\JavaSoft\JRE...
64-bit search:	SOFTWARE\JavaSoft\JDK...
32-bit search:	SOFTWARE\JavaSoft\JDK...
64-bit search:	SOFTWARE\IBM\Java Runtime Environment...
32-bit search:	SOFTWARE\IBM\Java Runtime Environment...
64-bit search:	SOFTWARE\IBM\Java Development Kit...
32-bit search:	SOFTWARE\IBM\Java Development Kit...
64-bit search:	SOFTWARE\IBM\Java2 Runtime Environment...
32-bit search:	SOFTWARE\IBM\Java2 Runtime Environment...
64-bit search:	SOFTWARE\IBM\Java Development Kit...
32-bit search:	SOFTWARE\IBM\Java Development Kit...
Error msg:	This application requires a Java Runtime Environment 10 - 13
Open URL:	http://java.com/download


Version:	3.14
CmdLine:	C:\Users\Raza\code\Java\3dGraphics\dist\wireframe.exe --l4j-debug
WOW64:		yes
Create mutex:	Wireframe
Java min ver:	1.010.000_001
Java max ver:	1.013.000_002
Bundled JRE(s):	JAVA_HOME
Check launcher:	C:\Users\Raza\code\Java\3dGraphics\dist\JAVA_HOME\bin\javaw.exe (not found)
64-bit search:	SOFTWARE\JavaSoft\Java Runtime Environment...
32-bit search:	SOFTWARE\JavaSoft\Java Runtime Environment...
Check:		SOFTWARE\JavaSoft\Java Runtime Environment\1.8
Ignore:		1.008.000
Check:		SOFTWARE\JavaSoft\Java Runtime Environment\1.8.0_281
Ignore:		1.008.000_281
64-bit search:	SOFTWARE\JavaSoft\Java Development Kit...
32-bit search:	SOFTWARE\JavaSoft\Java Development Kit...
64-bit search:	SOFTWARE\JavaSoft\JRE...
32-bit search:	SOFTWARE\JavaSoft\JRE...
64-bit search:	SOFTWARE\JavaSoft\JDK...
32-bit search:	SOFTWARE\JavaSoft\JDK...
64-bit search:	SOFTWARE\IBM\Java Runtime Environment...
32-bit search:	SOFTWARE\IBM\Java Runtime Environment...
64-bit search:	SOFTWARE\IBM\Java Development Kit...
32-bit search:	SOFTWARE\IBM\Java Development Kit...
64-bit search:	SOFTWARE\IBM\Java2 Runtime Environment...
32-bit search:	SOFTWARE\IBM\Java2 Runtime Environment...
64-bit search:	SOFTWARE\IBM\Java Development Kit...
32-bit search:	SOFTWARE\IBM\Java Development Kit...
Error msg:	This application requires a Java Runtime Environment 10.0.1 - 13.0.2


Version:	3.14
CmdLine:	C:\Users\Raza\code\Java\3dGraphics\dist\wireframe.exe --l4j-debug
WOW64:		yes
Create mutex:	Wireframe
Java min ver:	1.010.000_001
Java max ver:	1.013.000_002
64-bit search:	SOFTWARE\JavaSoft\Java Runtime Environment...
32-bit search:	SOFTWARE\JavaSoft\Java Runtime Environment...
Check:		SOFTWARE\JavaSoft\Java Runtime Environment\1.8
Ignore:		1.008.000
Check:		SOFTWARE\JavaSoft\Java Runtime Environment\1.8.0_281
Ignore:		1.008.000_281
64-bit search:	SOFTWARE\JavaSoft\Java Development Kit...
32-bit search:	SOFTWARE\JavaSoft\Java Development Kit...
64-bit search:	SOFTWARE\JavaSoft\JRE...
32-bit search:	SOFTWARE\JavaSoft\JRE...
64-bit search:	SOFTWARE\JavaSoft\JDK...
32-bit search:	SOFTWARE\JavaSoft\JDK...
64-bit search:	SOFTWARE\IBM\Java Runtime Environment...
32-bit search:	SOFTWARE\IBM\Java Runtime Environment...
64-bit search:	SOFTWARE\IBM\Java Development Kit...
32-bit search:	SOFTWARE\IBM\Java Development Kit...
64-bit search:	SOFTWARE\IBM\Java2 Runtime Environment...
32-bit search:	SOFTWARE\IBM\Java2 Runtime Environment...
64-bit search:	SOFTWARE\IBM\Java Development Kit...
32-bit search:	SOFTWARE\IBM\Java Development Kit...
Bundled JRE(s):	C:\Program Files\Java\jdk-13.0.2
Check launcher:	C:\Program Files\Java\jdk-13.0.2\bin\javaw.exe (OK)
Main class:	test.TestMain
Add classpath:	C:\winbin\lwjgl-opengl\lwjgl
Add classpath:	C:\winbin\lwjgl-opengl\lwjgl-stb.jar
Add classpath:	C:\winbin\lwjgl-opengl\lwjgl-stb-natives-windows.jar
Add classpath:	C:\winbin\lwjgl-opengl\lwjgl-opengl.jar
Add classpath:	C:\winbin\lwjgl-opengl\lwjgl-opengl-natives-windows.jar
Add classpath:	C:\winbin\lwjgl-opengl\lwjgl-openal.jar
Add classpath:	C:\winbin\lwjgl-opengl\lwjgl-openal-natives-windows.jar
Add classpath:	C:\winbin\lwjgl-opengl\lwjgl-natives-windows.jar
Add classpath:	C:\winbin\lwjgl-opengl\lwjgl-glfw.jar
Add classpath:	C:\winbin\lwjgl-opengl\lwjgl-glfw-natives-windows.jar
Add classpath:	C:\winbin\lwjgl-opengl\lwjgl-assimp.jar
Add classpath:	C:\winbin\lwjgl-opengl\lwjgl-assimp-natives-windows.jar
Launcher:	C:\Program Files\Java\jdk-13.0.2\bin\javaw.exe
Launcher args:	-classpath "C:\Users\Raza\code\Java\3dGraphics\dist\wireframe.exe;C:\winbin\lwjgl-opengl\lwjgl;C:\winbin\lwjgl-opengl\lwjgl-stb.jar;C:\winbin\lwjgl-opengl\lwjgl-stb-natives-windows.jar;C:\winbin\lwjgl-opengl\lwjgl-opengl.jar;C:\winbin\lwjgl-opengl\lwjgl-opengl-natives-windows.jar;C:\winbin\lwjgl-opengl\lwjgl-openal.jar;C:\winbin\lwjgl-opengl\lwjgl-openal-natives-windows.jar;C:\winbin\lwjgl-opengl\lwjgl-natives-windows.jar;C:\winbin\lwjgl-opengl\lwjgl-glfw.jar;C:\winbin\lwjgl-opengl\lwjgl-glfw-natives-windows.jar;C:\winbin\lwjgl-opengl\lwjgl-assimp.jar;C:\winbin\lwjgl-opengl\lwjgl-assimp-natives-windows.jar" test.TestMain
Args length:	628/32768 chars
Exit code:	0


Version:	3.14
CmdLine:	C:\Users\Raza\code\Java\3dGraphics\dist\wireframe.exe --l4j-debug
WOW64:		yes
Create mutex:	Wireframe
Java min ver:	1.010.000_001
Java max ver:	1.013.000_002
64-bit search:	SOFTWARE\JavaSoft\Java Runtime Environment...
32-bit search:	SOFTWARE\JavaSoft\Java Runtime Environment...
Check:		SOFTWARE\JavaSoft\Java Runtime Environment\1.8
Ignore:		1.008.000
Check:		SOFTWARE\JavaSoft\Java Runtime Environment\1.8.0_281
Ignore:		1.008.000_281
64-bit search:	SOFTWARE\JavaSoft\Java Development Kit...
32-bit search:	SOFTWARE\JavaSoft\Java Development Kit...
64-bit search:	SOFTWARE\JavaSoft\JRE...
32-bit search:	SOFTWARE\JavaSoft\JRE...
64-bit search:	SOFTWARE\JavaSoft\JDK...
32-bit search:	SOFTWARE\JavaSoft\JDK...
64-bit search:	SOFTWARE\IBM\Java Runtime Environment...
32-bit search:	SOFTWARE\IBM\Java Runtime Environment...
64-bit search:	SOFTWARE\IBM\Java Development Kit...
32-bit search:	SOFTWARE\IBM\Java Development Kit...
64-bit search:	SOFTWARE\IBM\Java2 Runtime Environment...
32-bit search:	SOFTWARE\IBM\Java2 Runtime Environment...
64-bit search:	SOFTWARE\IBM\Java Development Kit...
32-bit search:	SOFTWARE\IBM\Java Development Kit...
Bundled JRE(s):	C:\Program Files\Java\jdk-13.0.2
Check launcher:	C:\Program Files\Java\jdk-13.0.2\bin\javaw.exe (OK)
Main class:	test.TestMain
Add classpath:	C:\winbin\lwjgl-opengl\lwjgl
Add classpath:	C:\winbin\lwjgl-opengl\lwjgl-stb.jar
Add classpath:	C:\winbin\lwjgl-opengl\lwjgl-stb-natives-windows.jar
Add classpath:	C:\winbin\lwjgl-opengl\lwjgl-opengl.jar
Add classpath:	C:\winbin\lwjgl-opengl\lwjgl-opengl-natives-windows.jar
Add classpath:	C:\winbin\lwjgl-opengl\lwjgl-openal.jar
Add classpath:	C:\winbin\lwjgl-opengl\lwjgl-openal-natives-windows.jar
Add classpath:	C:\winbin\lwjgl-opengl\lwjgl-natives-windows.jar
Add classpath:	C:\winbin\lwjgl-opengl\lwjgl-glfw.jar
Add classpath:	C:\winbin\lwjgl-opengl\lwjgl-glfw-natives-windows.jar
Add classpath:	C:\winbin\lwjgl-opengl\lwjgl-assimp.jar
Add classpath:	C:\winbin\lwjgl-opengl\lwjgl-assimp-natives-windows.jar
Launcher:	C:\Program Files\Java\jdk-13.0.2\bin\javaw.exe
Launcher args:	-classpath "C:\Users\Raza\code\Java\3dGraphics\dist\wireframe.exe;C:\winbin\lwjgl-opengl\lwjgl;C:\winbin\lwjgl-opengl\lwjgl-stb.jar;C:\winbin\lwjgl-opengl\lwjgl-stb-natives-windows.jar;C:\winbin\lwjgl-opengl\lwjgl-opengl.jar;C:\winbin\lwjgl-opengl\lwjgl-opengl-natives-windows.jar;C:\winbin\lwjgl-opengl\lwjgl-openal.jar;C:\winbin\lwjgl-opengl\lwjgl-openal-natives-windows.jar;C:\winbin\lwjgl-opengl\lwjgl-natives-windows.jar;C:\winbin\lwjgl-opengl\lwjgl-glfw.jar;C:\winbin\lwjgl-opengl\lwjgl-glfw-natives-windows.jar;C:\winbin\lwjgl-opengl\lwjgl-assimp.jar;C:\winbin\lwjgl-opengl\lwjgl-assimp-natives-windows.jar" test.TestMain
Args length:	628/32768 chars
Exit code:	0


Version:	3.14
CmdLine:	C:\Users\Raza\code\Java\3dGraphics\dist\wireframe.exe --l4j-debug
WOW64:		yes
Create mutex:	Wireframe
Java min ver:	1.010.000_001
Java max ver:	1.013.000_002
64-bit search:	SOFTWARE\JavaSoft\Java Runtime Environment...
32-bit search:	SOFTWARE\JavaSoft\Java Runtime Environment...
Check:		SOFTWARE\JavaSoft\Java Runtime Environment\1.8
Ignore:		1.008.000
Check:		SOFTWARE\JavaSoft\Java Runtime Environment\1.8.0_281
Ignore:		1.008.000_281
64-bit search:	SOFTWARE\JavaSoft\Java Development Kit...
32-bit search:	SOFTWARE\JavaSoft\Java Development Kit...
64-bit search:	SOFTWARE\JavaSoft\JRE...
32-bit search:	SOFTWARE\JavaSoft\JRE...
64-bit search:	SOFTWARE\JavaSoft\JDK...
32-bit search:	SOFTWARE\JavaSoft\JDK...
64-bit search:	SOFTWARE\IBM\Java Runtime Environment...
32-bit search:	SOFTWARE\IBM\Java Runtime Environment...
64-bit search:	SOFTWARE\IBM\Java Development Kit...
32-bit search:	SOFTWARE\IBM\Java Development Kit...
64-bit search:	SOFTWARE\IBM\Java2 Runtime Environment...
32-bit search:	SOFTWARE\IBM\Java2 Runtime Environment...
64-bit search:	SOFTWARE\IBM\Java Development Kit...
32-bit search:	SOFTWARE\IBM\Java Development Kit...
Bundled JRE(s):	C:\Program Files\Java\jdk-13.0.2
Check launcher:	C:\Program Files\Java\jdk-13.0.2\bin\javaw.exe (OK)
Main class:	test.TestMain
Add classpath:	C:\winbin\lwjgl-opengl\lwjgl
Add classpath:	C:\winbin\lwjgl-opengl\lwjgl-stb.jar
Add classpath:	C:\winbin\lwjgl-opengl\lwjgl-stb-natives-windows.jar
Add classpath:	C:\winbin\lwjgl-opengl\lwjgl-opengl.jar
Add classpath:	C:\winbin\lwjgl-opengl\lwjgl-opengl-natives-windows.jar
Add classpath:	C:\winbin\lwjgl-opengl\lwjgl-openal.jar
Add classpath:	C:\winbin\lwjgl-opengl\lwjgl-openal-natives-windows.jar
Add classpath:	C:\winbin\lwjgl-opengl\lwjgl-natives-windows.jar
Add classpath:	C:\winbin\lwjgl-opengl\lwjgl-glfw.jar
Add classpath:	C:\winbin\lwjgl-opengl\lwjgl-glfw-natives-windows.jar
Add classpath:	C:\winbin\lwjgl-opengl\lwjgl-assimp.jar
Add classpath:	C:\winbin\lwjgl-opengl\lwjgl-assimp-natives-windows.jar
Launcher:	C:\Program Files\Java\jdk-13.0.2\bin\javaw.exe
Launcher args:	-classpath "C:\Users\Raza\code\Java\3dGraphics\dist\wireframe.exe;C:\winbin\lwjgl-opengl\lwjgl;C:\winbin\lwjgl-opengl\lwjgl-stb.jar;C:\winbin\lwjgl-opengl\lwjgl-stb-natives-windows.jar;C:\winbin\lwjgl-opengl\lwjgl-opengl.jar;C:\winbin\lwjgl-opengl\lwjgl-opengl-natives-windows.jar;C:\winbin\lwjgl-opengl\lwjgl-openal.jar;C:\winbin\lwjgl-opengl\lwjgl-openal-natives-windows.jar;C:\winbin\lwjgl-opengl\lwjgl-natives-windows.jar;C:\winbin\lwjgl-opengl\lwjgl-glfw.jar;C:\winbin\lwjgl-opengl\lwjgl-glfw-natives-windows.jar;C:\winbin\lwjgl-opengl\lwjgl-assimp.jar;C:\winbin\lwjgl-opengl\lwjgl-assimp-natives-windows.jar" test.TestMain
Args length:	628/32768 chars
Exit code:	0


Version:	3.14
CmdLine:	C:\Users\Raza\code\Java\3dGraphics\dist\wireframe.exe --l4j-debug
WOW64:		yes
Create mutex:	Wireframe
Java min ver:	1.010.000_001
Java max ver:	1.013.000_002
64-bit search:	SOFTWARE\JavaSoft\Java Runtime Environment...
32-bit search:	SOFTWARE\JavaSoft\Java Runtime Environment...
Check:		SOFTWARE\JavaSoft\Java Runtime Environment\1.8
Ignore:		1.008.000
Check:		SOFTWARE\JavaSoft\Java Runtime Environment\1.8.0_281
Ignore:		1.008.000_281
64-bit search:	SOFTWARE\JavaSoft\Java Development Kit...
32-bit search:	SOFTWARE\JavaSoft\Java Development Kit...
64-bit search:	SOFTWARE\JavaSoft\JRE...
32-bit search:	SOFTWARE\JavaSoft\JRE...
64-bit search:	SOFTWARE\JavaSoft\JDK...
32-bit search:	SOFTWARE\JavaSoft\JDK...
64-bit search:	SOFTWARE\IBM\Java Runtime Environment...
32-bit search:	SOFTWARE\IBM\Java Runtime Environment...
64-bit search:	SOFTWARE\IBM\Java Development Kit...
32-bit search:	SOFTWARE\IBM\Java Development Kit...
64-bit search:	SOFTWARE\IBM\Java2 Runtime Environment...
32-bit search:	SOFTWARE\IBM\Java2 Runtime Environment...
64-bit search:	SOFTWARE\IBM\Java Development Kit...
32-bit search:	SOFTWARE\IBM\Java Development Kit...
Bundled JRE(s):	C:\Program Files\Java\jdk-13.0.2
Check launcher:	C:\Program Files\Java\jdk-13.0.2\bin\javaw.exe (OK)
Main class:	test.TestMain
Add classpath:	C:\winbin\lwjgl-opengl\lwjgl
Add classpath:	C:\winbin\lwjgl-opengl\lwjgl-stb.jar
Add classpath:	C:\winbin\lwjgl-opengl\lwjgl-stb-natives-windows.jar
Add classpath:	C:\winbin\lwjgl-opengl\lwjgl-opengl.jar
Add classpath:	C:\winbin\lwjgl-opengl\lwjgl-opengl-natives-windows.jar
Add classpath:	C:\winbin\lwjgl-opengl\lwjgl-openal.jar
Add classpath:	C:\winbin\lwjgl-opengl\lwjgl-openal-natives-windows.jar
Add classpath:	C:\winbin\lwjgl-opengl\lwjgl-natives-windows.jar
Add classpath:	C:\winbin\lwjgl-opengl\lwjgl-glfw.jar
Add classpath:	C:\winbin\lwjgl-opengl\lwjgl-glfw-natives-windows.jar
Add classpath:	C:\winbin\lwjgl-opengl\lwjgl-assimp.jar
Add classpath:	C:\winbin\lwjgl-opengl\lwjgl-assimp-natives-windows.jar
Launcher:	C:\Program Files\Java\jdk-13.0.2\bin\javaw.exe
Launcher args:	-classpath "C:\Users\Raza\code\Java\3dGraphics\dist\wireframe.exe;C:\winbin\lwjgl-opengl\lwjgl;C:\winbin\lwjgl-opengl\lwjgl-stb.jar;C:\winbin\lwjgl-opengl\lwjgl-stb-natives-windows.jar;C:\winbin\lwjgl-opengl\lwjgl-opengl.jar;C:\winbin\lwjgl-opengl\lwjgl-opengl-natives-windows.jar;C:\winbin\lwjgl-opengl\lwjgl-openal.jar;C:\winbin\lwjgl-opengl\lwjgl-openal-natives-windows.jar;C:\winbin\lwjgl-opengl\lwjgl-natives-windows.jar;C:\winbin\lwjgl-opengl\lwjgl-glfw.jar;C:\winbin\lwjgl-opengl\lwjgl-glfw-natives-windows.jar;C:\winbin\lwjgl-opengl\lwjgl-assimp.jar;C:\winbin\lwjgl-opengl\lwjgl-assimp-natives-windows.jar" test.TestMain
Args length:	628/32768 chars
Exit code:	0


Version:	3.14
CmdLine:	C:\Users\Raza\code\Java\3dGraphics\dist\wireframe.exe --l4j-debug
WOW64:		yes
Create mutex:	Wireframe
Java min ver:	1.010.000_001
Java max ver:	1.013.000_002
64-bit search:	SOFTWARE\JavaSoft\Java Runtime Environment...
32-bit search:	SOFTWARE\JavaSoft\Java Runtime Environment...
Check:		SOFTWARE\JavaSoft\Java Runtime Environment\1.8
Ignore:		1.008.000
Check:		SOFTWARE\JavaSoft\Java Runtime Environment\1.8.0_281
Ignore:		1.008.000_281
64-bit search:	SOFTWARE\JavaSoft\Java Development Kit...
32-bit search:	SOFTWARE\JavaSoft\Java Development Kit...
64-bit search:	SOFTWARE\JavaSoft\JRE...
32-bit search:	SOFTWARE\JavaSoft\JRE...
64-bit search:	SOFTWARE\JavaSoft\JDK...
32-bit search:	SOFTWARE\JavaSoft\JDK...
64-bit search:	SOFTWARE\IBM\Java Runtime Environment...
32-bit search:	SOFTWARE\IBM\Java Runtime Environment...
64-bit search:	SOFTWARE\IBM\Java Development Kit...
32-bit search:	SOFTWARE\IBM\Java Development Kit...
64-bit search:	SOFTWARE\IBM\Java2 Runtime Environment...
32-bit search:	SOFTWARE\IBM\Java2 Runtime Environment...
64-bit search:	SOFTWARE\IBM\Java Development Kit...
32-bit search:	SOFTWARE\IBM\Java Development Kit...
Bundled JRE(s):	C:\Program Files\Java\jdk-13.0.2
Check launcher:	C:\Program Files\Java\jdk-13.0.2\bin\javaw.exe (OK)
Main class:	test.TestMain
Add classpath:	C:\winbin\lwjgl-opengl\lwjgl
Add classpath:	C:\winbin\lwjgl-opengl\lwjgl-stb.jar
Add classpath:	C:\winbin\lwjgl-opengl\lwjgl-stb-natives-windows.jar
Add classpath:	C:\winbin\lwjgl-opengl\lwjgl-opengl.jar
Add classpath:	C:\winbin\lwjgl-opengl\lwjgl-opengl-natives-windows.jar
Add classpath:	C:\winbin\lwjgl-opengl\lwjgl-openal.jar
Add classpath:	C:\winbin\lwjgl-opengl\lwjgl-openal-natives-windows.jar
Add classpath:	C:\winbin\lwjgl-opengl\lwjgl-natives-windows.jar
Add classpath:	C:\winbin\lwjgl-opengl\lwjgl-glfw.jar
Add classpath:	C:\winbin\lwjgl-opengl\lwjgl-glfw-natives-windows.jar
Add classpath:	C:\winbin\lwjgl-opengl\lwjgl-assimp.jar
Add classpath:	C:\winbin\lwjgl-opengl\lwjgl-assimp-natives-windows.jar
Launcher:	C:\Program Files\Java\jdk-13.0.2\bin\javaw.exe
Launcher args:	-classpath "C:\Users\Raza\code\Java\3dGraphics\dist\wireframe.exe;C:\winbin\lwjgl-opengl\lwjgl;C:\winbin\lwjgl-opengl\lwjgl-stb.jar;C:\winbin\lwjgl-opengl\lwjgl-stb-natives-windows.jar;C:\winbin\lwjgl-opengl\lwjgl-opengl.jar;C:\winbin\lwjgl-opengl\lwjgl-opengl-natives-windows.jar;C:\winbin\lwjgl-opengl\lwjgl-openal.jar;C:\winbin\lwjgl-opengl\lwjgl-openal-natives-windows.jar;C:\winbin\lwjgl-opengl\lwjgl-natives-windows.jar;C:\winbin\lwjgl-opengl\lwjgl-glfw.jar;C:\winbin\lwjgl-opengl\lwjgl-glfw-natives-windows.jar;C:\winbin\lwjgl-opengl\lwjgl-assimp.jar;C:\winbin\lwjgl-opengl\lwjgl-assimp-natives-windows.jar" test.TestMain
Args length:	628/32768 chars
Exit code:	0


Version:	3.14
CmdLine:	C:\Users\Raza\code\Java\3dGraphics\dist\wireframe.exe --l4j-debug
WOW64:		yes
Create mutex:	Wireframe
Java min ver:	1.010.000_001
Java max ver:	1.013.000_002
64-bit search:	SOFTWARE\JavaSoft\Java Runtime Environment...
32-bit search:	SOFTWARE\JavaSoft\Java Runtime Environment...
Check:		SOFTWARE\JavaSoft\Java Runtime Environment\1.8
Ignore:		1.008.000
Check:		SOFTWARE\JavaSoft\Java Runtime Environment\1.8.0_281
Ignore:		1.008.000_281
64-bit search:	SOFTWARE\JavaSoft\Java Development Kit...
32-bit search:	SOFTWARE\JavaSoft\Java Development Kit...
64-bit search:	SOFTWARE\JavaSoft\JRE...
32-bit search:	SOFTWARE\JavaSoft\JRE...
64-bit search:	SOFTWARE\JavaSoft\JDK...
32-bit search:	SOFTWARE\JavaSoft\JDK...
64-bit search:	SOFTWARE\IBM\Java Runtime Environment...
32-bit search:	SOFTWARE\IBM\Java Runtime Environment...
64-bit search:	SOFTWARE\IBM\Java Development Kit...
32-bit search:	SOFTWARE\IBM\Java Development Kit...
64-bit search:	SOFTWARE\IBM\Java2 Runtime Environment...
32-bit search:	SOFTWARE\IBM\Java2 Runtime Environment...
64-bit search:	SOFTWARE\IBM\Java Development Kit...
32-bit search:	SOFTWARE\IBM\Java Development Kit...
Bundled JRE(s):	C:\Program Files\Java\jdk-13.0.2
Check launcher:	C:\Program Files\Java\jdk-13.0.2\bin\javaw.exe (OK)
Main class:	test.TestMain
Add classpath:	C:\winbin\lwjgl-opengl\lwjgl
Add classpath:	C:\winbin\lwjgl-opengl\lwjgl-stb.jar
Add classpath:	C:\winbin\lwjgl-opengl\lwjgl-stb-natives-windows.jar
Add classpath:	C:\winbin\lwjgl-opengl\lwjgl-opengl.jar
Add classpath:	C:\winbin\lwjgl-opengl\lwjgl-opengl-natives-windows.jar
Add classpath:	C:\winbin\lwjgl-opengl\lwjgl-openal.jar
Add classpath:	C:\winbin\lwjgl-opengl\lwjgl-openal-natives-windows.jar
Add classpath:	C:\winbin\lwjgl-opengl\lwjgl-natives-windows.jar
Add classpath:	C:\winbin\lwjgl-opengl\lwjgl-glfw.jar
Add classpath:	C:\winbin\lwjgl-opengl\lwjgl-glfw-natives-windows.jar
Add classpath:	C:\winbin\lwjgl-opengl\lwjgl-assimp.jar
Add classpath:	C:\winbin\lwjgl-opengl\lwjgl-assimp-natives-windows.jar
Launcher:	C:\Program Files\Java\jdk-13.0.2\bin\javaw.exe
Launcher args:	-classpath "C:\Users\Raza\code\Java\3dGraphics\dist\wireframe.exe;C:\winbin\lwjgl-opengl\lwjgl;C:\winbin\lwjgl-opengl\lwjgl-stb.jar;C:\winbin\lwjgl-opengl\lwjgl-stb-natives-windows.jar;C:\winbin\lwjgl-opengl\lwjgl-opengl.jar;C:\winbin\lwjgl-opengl\lwjgl-opengl-natives-windows.jar;C:\winbin\lwjgl-opengl\lwjgl-openal.jar;C:\winbin\lwjgl-opengl\lwjgl-openal-natives-windows.jar;C:\winbin\lwjgl-opengl\lwjgl-natives-windows.jar;C:\winbin\lwjgl-opengl\lwjgl-glfw.jar;C:\winbin\lwjgl-opengl\lwjgl-glfw-natives-windows.jar;C:\winbin\lwjgl-opengl\lwjgl-assimp.jar;C:\winbin\lwjgl-opengl\lwjgl-assimp-natives-windows.jar" test.TestMain
Args length:	628/32768 chars
Exit code:	0
